<?xml version="1.0" encoding="UTF-8"?>
<!-- Generated by org.testng.reporters.JUnitReportReporter -->
<testsuite hostname="ramit-QA-2035ThinkPad-L14-Gen-1" name="com.javacodegeeks.testng.maven.TestNgMavenExample" tests="1" failures="0" timestamp="21 May 2021 12:54:02 GMT" time="0.010" errors="0">
  <testcase name="exampleOfTestNgMaven" time="0.010" classname="com.javacodegeeks.testng.maven.TestNgMavenExample"/>
</testsuite> <!-- com.javacodegeeks.testng.maven.TestNgMavenExample -->
