<?xml version="1.0" encoding="UTF-8"?>
<!-- Generated by org.testng.reporters.JUnitReportReporter -->
<testsuite hostname="ramit-QA-2035ThinkPad-L14-Gen-1" name="com.javacodegeeks.testng.maven.TestNgMavenSecondClass" tests="1" failures="0" timestamp="21 May 2021 12:56:49 GMT" time="0.001" errors="0">
  <testcase name="oneMoreTest" time="0.001" classname="com.javacodegeeks.testng.maven.TestNgMavenSecondClass"/>
</testsuite> <!-- com.javacodegeeks.testng.maven.TestNgMavenSecondClass -->
